[04/Jun/2026 19:37:05] "GET / HTTP/1.1" 200 9037
[04/Jun/2026 19:37:05,475] - Broken pipe from ('127.0.0.1', 60998)
[04/Jun/2026 19:47:25] "GET / HTTP/1.1" 200 9037
[04/Jun/2026 19:47:26] "GET /static/js/main.js HTTP/1.1" 200 3323
[04/Jun/2026 19:47:26] "GET /static/js/dashboard_charts.js HTTP/1.1" 200 2648
[04/Jun/2026 19:47:26] "GET /static/css/dashboard.css HTTP/1.1" 200 2571
[04/Jun/2026 19:47:26] "GET /static/css/base.css HTTP/1.1" 200 15831
Not Found: /favicon.ico
[04/Jun/2026 19:47:26] "GET /favicon.ico HTTP/1.1" 404 7287
[04/Jun/2026 19:47:46] "GET /admin-ui/reports/ HTTP/1.1" 200 8307
[04/Jun/2026 19:47:49] "GET /admin-ui/users/ HTTP/1.1" 200 7111
[04/Jun/2026 19:47:51] "GET /lost-report/ HTTP/1.1" 200 7952
[04/Jun/2026 19:47:51] "GET /static/css/inventory.css HTTP/1.1" 200 2789
[04/Jun/2026 19:47:53] "GET /my-borrowings/ HTTP/1.1" 200 7131
[04/Jun/2026 19:47:54] "GET /reservations/ HTTP/1.1" 200 7125
[04/Jun/2026 19:47:55] "GET /borrow-request/ HTTP/1.1" 200 7934
[04/Jun/2026 19:47:56] "GET /inventory/ HTTP/1.1" 200 8169
[04/Jun/2026 19:47:56] "GET /static/js/inventory_filter.js HTTP/1.1" 200 2188
[04/Jun/2026 19:47:57] "GET / HTTP/1.1" 200 9037
[04/Jun/2026 20:38:39] "GET / HTTP/1.1" 200 9037
[04/Jun/2026 20:38:39] "GET /static/css/base.css HTTP/1.1" 304 0
[04/Jun/2026 20:38:39] "GET /static/css/dashboard.css HTTP/1.1" 304 0
[04/Jun/2026 20:38:39] "GET /static/js/main.js HTTP/1.1" 304 0
[04/Jun/2026 20:38:39] "GET /static/js/dashboard_charts.js HTTP/1.1" 304 0
[04/Jun/2026 21:53:20] "GET /inventory/ HTTP/1.1" 200 8169
[04/Jun/2026 21:53:20] "GET /static/css/base.css HTTP/1.1" 304 0
[04/Jun/2026 21:53:20] "GET /static/css/inventory.css HTTP/1.1" 304 0
[04/Jun/2026 21:53:20] "GET /static/js/main.js HTTP/1.1" 304 0
[04/Jun/2026 21:53:20] "GET /static/js/inventory_filter.js HTTP/1.1" 304 0
[04/Jun/2026 21:53:32] "GET /inventory/ HTTP/1.1" 200 8169
[04/Jun/2026 21:53:35] "GET /borrow-request/ HTTP/1.1" 200 7934
[04/Jun/2026 21:53:37] "GET /inventory/ HTTP/1.1" 200 8169
[04/Jun/2026 21:53:38] "GET /reservations/ HTTP/1.1" 200 7125
[04/Jun/2026 21:53:41] "GET /my-borrowings/ HTTP/1.1" 200 7131
[04/Jun/2026 21:53:43] "GET /lost-report/ HTTP/1.1" 200 7952
[04/Jun/2026 21:53:50] "GET /admin-ui/ HTTP/1.1" 200 9952
[04/Jun/2026 21:53:50] "GET /static/css/dashboard.css HTTP/1.1" 304 0
[04/Jun/2026 21:53:50] "GET /static/js/dashboard_charts.js HTTP/1.1" 304 0
[04/Jun/2026 21:53:55] "GET /admin-ui/items/ HTTP/1.1" 200 8558
[04/Jun/2026 21:53:57] "GET /admin-ui/borrow-requests/ HTTP/1.1" 200 7108
[04/Jun/2026 21:54:00] "GET /admin-ui/items/ HTTP/1.1" 200 8558
[04/Jun/2026 21:54:02] "GET /admin-ui/users/ HTTP/1.1" 200 7111
[04/Jun/2026 21:54:05] "GET /admin-ui/reports/ HTTP/1.1" 200 8307
Not Found: /admin-dashboard/
[04/Jun/2026 21:54:19] "GET /admin-dashboard/ HTTP/1.1" 404 7302
[04/Jun/2026 21:55:24] "GET /login/ HTTP/1.1" 200 2855
[04/Jun/2026 21:55:24] "GET /static/css/auth.css HTTP/1.1" 200 1958
[04/Jun/2026 21:55:43] "GET /forgot-password/ HTTP/1.1" 200 2055
[04/Jun/2026 21:55:47] "GET /login/ HTTP/1.1" 200 2855
[04/Jun/2026 21:55:49] "GET /register/ HTTP/1.1" 200 3199
[04/Jun/2026 21:56:10] "GET /login/ HTTP/1.1" 200 2855
